0 info it worked if it ends with ok
1 verbose cli [ '/home/lol95371/apps/node-v6.11.0-linux-x64/bin/node',
1 verbose cli   '/home/lol95371/apps/node-v6.11.0-linux-x64/bin/npm',
1 verbose cli   'run',
1 verbose cli   'compile' ]
2 info using npm@3.10.10
3 info using node@v6.11.0
4 verbose run-script [ 'precompile', 'compile', 'postcompile' ]
5 info lifecycle EpicsWebProto@0.0.1~precompile: EpicsWebProto@0.0.1
6 silly lifecycle EpicsWebProto@0.0.1~precompile: no script for precompile, continuing
7 info lifecycle EpicsWebProto@0.0.1~compile: EpicsWebProto@0.0.1
8 verbose lifecycle EpicsWebProto@0.0.1~compile: unsafe-perm in lifecycle true
9 verbose lifecycle EpicsWebProto@0.0.1~compile: PATH: /home/lol95371/apps/node-v6.11.0-linux-x64/lib/node_modules/npm/bin/node-gyp-bin:/home/lol95371/Desktop/EpicsWebProto/node_modules/.bin:/home/lol95371/apps/node-v6.11.0-linux-x64/bin:/home/lol95371/apps/sublime_text_3:/dls_sw/epics/R3.14.12.3/base/bin/linux-x86_64:/dls_sw/epics/R3.14.12.3/extensions/bin/linux-x86_64:/dls_sw/prod/tools/RHEL6-x86_64/defaults/bin:/home/lol95371/apps/node-v6.11.0-linux-x64/bin:/home/lol95371/apps/sublime_text_3:/usr/lib64/qt-3.3/bin:/usr/kerberos/sbin:/usr/kerberos/bin:/usr/local/bin:/usr/bin:/bin:/usr/local/sbin:/usr/sbin:/sbin:/var/cfengine/bin
10 verbose lifecycle EpicsWebProto@0.0.1~compile: CWD: /home/lol95371/Desktop/EpicsWebProto
11 silly lifecycle EpicsWebProto@0.0.1~compile: Args: [ '-c', 'webpack' ]
12 silly lifecycle EpicsWebProto@0.0.1~compile: Returned: code: 2  signal: null
13 info lifecycle EpicsWebProto@0.0.1~compile: Failed to exec compile script
14 verbose stack Error: EpicsWebProto@0.0.1 compile: `webpack`
14 verbose stack Exit status 2
14 verbose stack     at EventEmitter.<anonymous> (/home/lol95371/apps/node-v6.11.0-linux-x64/lib/node_modules/npm/lib/utils/lifecycle.js:255:16)
14 verbose stack     at emitTwo (events.js:106:13)
14 verbose stack     at EventEmitter.emit (events.js:191:7)
14 verbose stack     at ChildProcess.<anonymous> (/home/lol95371/apps/node-v6.11.0-linux-x64/lib/node_modules/npm/lib/utils/spawn.js:40:14)
14 verbose stack     at emitTwo (events.js:106:13)
14 verbose stack     at ChildProcess.emit (events.js:191:7)
14 verbose stack     at maybeClose (internal/child_process.js:891:16)
14 verbose stack     at Process.ChildProcess._handle.onexit (internal/child_process.js:226:5)
15 verbose pkgid EpicsWebProto@0.0.1
16 verbose cwd /home/lol95371/Desktop/EpicsWebProto/client/containers
17 error Linux 2.6.32-696.10.2.el6.x86_64
18 error argv "/home/lol95371/apps/node-v6.11.0-linux-x64/bin/node" "/home/lol95371/apps/node-v6.11.0-linux-x64/bin/npm" "run" "compile"
19 error node v6.11.0
20 error npm  v3.10.10
21 error code ELIFECYCLE
22 error EpicsWebProto@0.0.1 compile: `webpack`
22 error Exit status 2
23 error Failed at the EpicsWebProto@0.0.1 compile script 'webpack'.
23 error Make sure you have the latest version of node.js and npm installed.
23 error If you do, this is most likely a problem with the EpicsWebProto package,
23 error not with npm itself.
23 error Tell the author that this fails on your system:
23 error     webpack
23 error You can get information on how to open an issue for this project with:
23 error     npm bugs EpicsWebProto
23 error Or if that isn't available, you can get their info via:
23 error     npm owner ls EpicsWebProto
23 error There is likely additional logging output above.
24 verbose exit [ 1, true ]
